0 info it worked if it ends with ok
1 verbose cli [ 'C:\\Program Files\\nodejs\\node.exe',
1 verbose cli   'C:\\Program Files\\nodejs\\node_modules\\npm\\bin\\npm-cli.js',
1 verbose cli   'install',
1 verbose cli   'gulp-complexity' ]
2 info using npm@2.14.7
3 info using node@v4.2.2
4 verbose install initial load of C:\xampp\htdocs\materialplayer\package.json
5 verbose installManyTop reading scoped package data from C:\xampp\htdocs\materialplayer\node_modules\browser-sync\package.json
6 verbose installManyTop reading scoped package data from C:\xampp\htdocs\materialplayer\node_modules\gulp\package.json
7 verbose installManyTop reading scoped package data from C:\xampp\htdocs\materialplayer\node_modules\gulp-autoprefixer\package.json
8 verbose installManyTop reading scoped package data from C:\xampp\htdocs\materialplayer\node_modules\gulp-concat\package.json
9 verbose installManyTop reading scoped package data from C:\xampp\htdocs\materialplayer\node_modules\gulp-cssnano\package.json
10 verbose installManyTop reading scoped package data from C:\xampp\htdocs\materialplayer\node_modules\gulp-htmlmin\package.json
11 verbose installManyTop reading scoped package data from C:\xampp\htdocs\materialplayer\node_modules\gulp-inline-source\package.json
12 verbose installManyTop reading scoped package data from C:\xampp\htdocs\materialplayer\node_modules\gulp-minify-css\package.json
13 verbose installManyTop reading scoped package data from C:\xampp\htdocs\materialplayer\node_modules\gulp-minify-html\package.json
14 verbose installManyTop reading scoped package data from C:\xampp\htdocs\materialplayer\node_modules\gulp-ruby-sass\package.json
15 verbose installManyTop reading scoped package data from C:\xampp\htdocs\materialplayer\node_modules\gulp-sourcemaps\package.json
16 verbose installManyTop reading scoped package data from C:\xampp\htdocs\materialplayer\node_modules\gulp-uglify\package.json
17 info package.json gulp-minify-html@1.0.5 No repository field.
18 info package.json gulp-minify-css@1.2.3 No repository field.
19 verbose readDependencies loading dependencies from C:\xampp\htdocs\materialplayer\package.json
20 silly cache add args [ 'gulp-complexity', null ]
21 verbose cache add spec gulp-complexity
22 silly cache add parsed spec Result {
22 silly cache add   raw: 'gulp-complexity',
22 silly cache add   scope: null,
22 silly cache add   name: 'gulp-complexity',
22 silly cache add   rawSpec: '',
22 silly cache add   spec: '*',
22 silly cache add   type: 'range' }
23 silly addNamed gulp-complexity@*
24 verbose addNamed "*" is a valid semver range for gulp-complexity
25 silly addNameRange { name: 'gulp-complexity', range: '*', hasData: false }
26 silly mapToRegistry name gulp-complexity
27 silly mapToRegistry using default registry
28 silly mapToRegistry registry https://registry.npmjs.org/
29 silly mapToRegistry uri https://registry.npmjs.org/gulp-complexity
30 verbose addNameRange registry:https://registry.npmjs.org/gulp-complexity not in flight; fetching
31 verbose request uri https://registry.npmjs.org/gulp-complexity
32 verbose request no auth needed
33 info attempt registry request try #1 at 3:44:34 AM
34 verbose request id 2ddc003c4defa837
35 http request GET https://registry.npmjs.org/gulp-complexity
36 info retry will retry, error on last attempt: Error: getaddrinfo ENOTFOUND registry.npmjs.org registry.npmjs.org:443
37 info attempt registry request try #2 at 3:44:44 AM
38 http request GET https://registry.npmjs.org/gulp-complexity
39 info retry will retry, error on last attempt: Error: getaddrinfo ENOTFOUND registry.npmjs.org registry.npmjs.org:443
40 info attempt registry request try #3 at 3:45:44 AM
41 http request GET https://registry.npmjs.org/gulp-complexity
42 verbose stack Error: getaddrinfo ENOTFOUND registry.npmjs.org registry.npmjs.org:443
42 verbose stack     at errnoException (dns.js:26:10)
42 verbose stack     at GetAddrInfoReqWrap.onlookup [as oncomplete] (dns.js:77:26)
43 verbose cwd C:\xampp\htdocs\materialplayer
44 error Windows_NT 10.0.10586
45 error argv "C:\\Program Files\\nodejs\\node.exe" "C:\\Program Files\\nodejs\\node_modules\\npm\\bin\\npm-cli.js" "install" "gulp-complexity"
46 error node v4.2.2
47 error npm  v2.14.7
48 error code ENOTFOUND
49 error errno ENOTFOUND
50 error syscall getaddrinfo
51 error network getaddrinfo ENOTFOUND registry.npmjs.org registry.npmjs.org:443
51 error network This is most likely not a problem with npm itself
51 error network and is related to network connectivity.
51 error network In most cases you are behind a proxy or have bad network settings.
51 error network
51 error network If you are behind a proxy, please make sure that the
51 error network 'proxy' config is set properly.  See: 'npm help config'
52 verbose exit [ 1, true ]
